<?xml version="1.0" encoding="UTF-8"?>
<!-- Generated by org.testng.reporters.JUnitReportReporter -->
<testsuite hostname="ULTP_162" name="com.synerzip.rezoomex.tests.directory.TestCase11" tests="1" failures="0" timestamp="31 Oct 2014 09:07:50 GMT" time="22.962" errors="0">
  <testcase name="checkSearchCount" time="22.962" classname="com.synerzip.rezoomex.tests.directory.TestCase11"/>
</testsuite> <!-- com.synerzip.rezoomex.tests.directory.TestCase11 -->
