<?xml version="1.0" encoding="UTF-8"?>
<!-- Generated by org.testng.reporters.JUnitReportReporter -->
<testsuite hostname="ULTP_162" name="com.rezoomex.suite.search.TestCase12" tests="1" failures="0" timestamp="27 Aug 2014 13:55:27 GMT" time="55.298" errors="0">
  <testcase name="checkcreatedAssessment" time="55.298" classname="com.rezoomex.suite.search.TestCase12"/>
</testsuite> <!-- com.rezoomex.suite.search.TestCase12 -->
