<?xml version="1.0" encoding="UTF-8"?>
<!-- Generated by org.testng.reporters.JUnitReportReporter -->
<testsuite hostname="ULTP_162" name="com.synerzip.rezoomex.tests.directory.Test_LoginPageUI" tests="2" failures="0" timestamp="16 Sep 2014 04:41:21 GMT" time="5.310" errors="0">
  <testcase name="checkLogoTest" time="0.170" classname="com.synerzip.rezoomex.tests.directory.Test_LoginPageUI"/>
  <testcase name="checkTextBoxTest" time="5.140" classname="com.synerzip.rezoomex.tests.directory.Test_LoginPageUI"/>
</testsuite> <!-- com.synerzip.rezoomex.tests.directory.Test_LoginPageUI -->
