<?xml version="1.0" encoding="UTF-8"?>
<!-- Generated by org.testng.reporters.JUnitReportReporter -->
<testsuite hostname="ULTP_162" name="com.synerzip.rezoomex.tests.directory.Mytesting" tests="1" failures="0" timestamp="31 Oct 2014 09:52:34 GMT" time="431.185" errors="0">
  <testcase name="test" time="431.185" classname="com.synerzip.rezoomex.tests.directory.Mytesting"/>
</testsuite> <!-- com.synerzip.rezoomex.tests.directory.Mytesting -->
