<?xml version="1.0" encoding="UTF-8"?>
<!-- Generated by org.testng.reporters.JUnitReportReporter -->
<testsuite hostname="ULTP_162" name="com.synerzip.rezoomex.tests.directory.Test_SolrKeyWord" tests="1" failures="0" timestamp="3 Nov 2014 11:48:39 GMT" time="21.104" errors="0">
  <testcase name="test" time="21.104" classname="com.synerzip.rezoomex.tests.directory.Test_SolrKeyWord"/>
</testsuite> <!-- com.synerzip.rezoomex.tests.directory.Test_SolrKeyWord -->
