<?xml version="1.0" encoding="UTF-8"?>
<!-- Generated by org.testng.reporters.JUnitReportReporter -->
<testsuite hostname="ULTP_162" name="com.synerzip.rezoomex.tests.search.Test_Keyword" tests="1" failures="0" timestamp="12 Nov 2014 04:23:03 GMT" time="40.188" errors="0">
  <testcase name="searchCount" time="40.188" classname="com.synerzip.rezoomex.tests.search.Test_Keyword"/>
</testsuite> <!-- com.synerzip.rezoomex.tests.search.Test_Keyword -->
