<?xml version="1.0" encoding="UTF-8"?>
<!-- Generated by org.testng.reporters.JUnitReportReporter -->
<testsuite hostname="ULTP_162" name="com.synerzip.rezoomex.tests.search.Test_SolrKeyWord" tests="1" failures="0" timestamp="12 Nov 2014 03:54:20 GMT" time="50.249" errors="0">
  <testcase name="test" time="50.249" classname="com.synerzip.rezoomex.tests.search.Test_SolrKeyWord"/>
</testsuite> <!-- com.synerzip.rezoomex.tests.search.Test_SolrKeyWord -->
