<?xml version="1.0" encoding="UTF-8"?>
<!-- Generated by org.testng.reporters.JUnitReportReporter -->
<testsuite hostname="ULTP_162" name="com.synerzip.rezoomex.tests.directory.Test_HomePage" tests="4" failures="0" timestamp="3 Nov 2014 05:57:02 GMT" time="0.327" errors="0">
  <testcase name="checkLogoTest" time="0.128" classname="com.synerzip.rezoomex.tests.directory.Test_HomePage"/>
  <testcase name="checkTalentTextTest" time="0.037" classname="com.synerzip.rezoomex.tests.directory.Test_HomePage"/>
  <testcase name="checkRezoomexTextTest" time="0.035" classname="com.synerzip.rezoomex.tests.directory.Test_HomePage"/>
  <testcase name="checkTextBoxTest" time="0.127" classname="com.synerzip.rezoomex.tests.directory.Test_HomePage"/>
</testsuite> <!-- com.synerzip.rezoomex.tests.directory.Test_HomePage -->
