<?xml version="1.0" encoding="UTF-8"?>
<!-- Generated by org.testng.reporters.JUnitReportReporter -->
<testsuite hostname="ULTP_162" name="com.synerzip.rezoomex.tests.directory.Test_Keyword" tests="1" failures="0" timestamp="3 Nov 2014 11:19:02 GMT" time="25.884" errors="0">
  <testcase name="methodName" time="25.884" classname="com.synerzip.rezoomex.tests.directory.Test_Keyword"/>
</testsuite> <!-- com.synerzip.rezoomex.tests.directory.Test_Keyword -->
