<?xml version="1.0" encoding="UTF-8"?>
<!-- Generated by org.testng.reporters.JUnitReportReporter -->
<testsuite hostname="ULTP_162" name="com.synerzip.rezoomex.tests.search.Test_Search" tests="1" failures="0" timestamp="14 Nov 2014 11:50:17 GMT" time="533.889" errors="0">
  <testcase name="searchCount" time="533.889" classname="com.synerzip.rezoomex.tests.search.Test_Search"/>
</testsuite> <!-- com.synerzip.rezoomex.tests.search.Test_Search -->
